<?xml version="1.0" encoding="UTF-8"?>
<coverage generated="1654084277729" clover="3.2.0">
  <project timestamp="1654084277729" name="All files">
    <metrics statements="20" coveredstatements="20" conditionals="24" coveredconditionals="23" methods="5" coveredmethods="5" elements="49" coveredelements="48" complexity="0" loc="20" ncloc="20" packages="1" files="1" classes="1"/>
    <file name="Student CRUD.js" path="C:\Users\rasha\OneDrive\Desktop\Test\Student CRUD.js">
      <metrics statements="20" coveredstatements="20" conditionals="24" coveredconditionals="23" methods="5" coveredmethods="5"/>
      <line num="5" count="1" type="stmt"/>
      <line num="15" count="1" type="stmt"/>
      <line num="18" count="1" type="stmt"/>
      <line num="23" count="1" type="stmt"/>
      <line num="38" count="4" type="stmt"/>
      <line num="39" count="4" type="stmt"/>
      <line num="53" count="1" type="stmt"/>
      <line num="55" count="1" type="stmt"/>
      <line num="71" count="1" type="stmt"/>
      <line num="74" count="1" type="stmt"/>
      <line num="76" count="1" type="stmt"/>
      <line num="89" count="9" type="stmt"/>
      <line num="94" count="9" type="cond" truecount="4" falsecount="0"/>
      <line num="97" count="8" type="cond" truecount="4" falsecount="0"/>
      <line num="100" count="7" type="cond" truecount="4" falsecount="0"/>
      <line num="103" count="5" type="cond" truecount="4" falsecount="0"/>
      <line num="106" count="4" type="cond" truecount="4" falsecount="0"/>
      <line num="109" count="3" type="cond" truecount="3" falsecount="1"/>
      <line num="111" count="9" type="stmt"/>
      <line num="117" count="1" type="stmt"/>
    </file>
  </project>
</coverage>
