{"C:\\Users\\rasha\\OneDrive\\Desktop\\Test\\Student CRUD.js": {"path":"C:\\Users\\rasha\\OneDrive\\Desktop\\Test\\Student CRUD.js","statementMap":{"0":{"start":{"line":5,"column":27},"end":{"line":5,"column":49}},"1":{"start":{"line":15,"column":19},"end":{"line":15,"column":64}},"2":{"start":{"line":18,"column":4},"end":{"line":18,"column":38}},"3":{"start":{"line":23,"column":4},"end":{"line":23,"column":21}},"4":{"start":{"line":38,"column":13},"end":{"line":38,"column":23}},"5":{"start":{"line":39,"column":2},"end":{"line":39,"column":16}},"6":{"start":{"line":53,"column":21},"end":{"line":53,"column":38}},"7":{"start":{"line":55,"column":8},"end":{"line":55,"column":22}},"8":{"start":{"line":71,"column":12},"end":{"line":71,"column":39}},"9":{"start":{"line":74,"column":12},"end":{"line":74,"column":19}},"10":{"start":{"line":76,"column":2},"end":{"line":76,"column":13}},"11":{"start":{"line":89,"column":8},"end":{"line":89,"column":10}},"12":{"start":{"line":94,"column":0},"end":{"line":109,"column":50}},"13":{"start":{"line":94,"column":29},"end":{"line":94,"column":36}},"14":{"start":{"line":97,"column":8},"end":{"line":109,"column":50}},"15":{"start":{"line":97,"column":35},"end":{"line":97,"column":41}},"16":{"start":{"line":100,"column":8},"end":{"line":109,"column":50}},"17":{"start":{"line":100,"column":37},"end":{"line":100,"column":43}},"18":{"start":{"line":103,"column":8},"end":{"line":109,"column":50}},"19":{"start":{"line":103,"column":37},"end":{"line":103,"column":43}},"20":{"start":{"line":106,"column":8},"end":{"line":109,"column":50}},"21":{"start":{"line":106,"column":37},"end":{"line":106,"column":43}},"22":{"start":{"line":109,"column":8},"end":{"line":109,"column":50}},"23":{"start":{"line":109,"column":43},"end":{"line":109,"column":49}},"24":{"start":{"line":111,"column":2},"end":{"line":111,"column":11}},"25":{"start":{"line":117,"column":0},"end":{"line":117,"column":80}}},"fnMap":{"0":{"name":"getStudentData","decl":{"start":{"line":12,"column":15},"end":{"line":12,"column":29}},"loc":{"start":{"line":12,"column":32},"end":{"line":25,"column":1}},"line":12},"1":{"name":"numberInvert","decl":{"start":{"line":36,"column":9},"end":{"line":36,"column":21}},"loc":{"start":{"line":36,"column":30},"end":{"line":40,"column":1}},"line":36},"2":{"name":"justAddText","decl":{"start":{"line":50,"column":9},"end":{"line":50,"column":20}},"loc":{"start":{"line":50,"column":27},"end":{"line":56,"column":1}},"line":50},"3":{"name":"avarage","decl":{"start":{"line":68,"column":9},"end":{"line":68,"column":16}},"loc":{"start":{"line":68,"column":44},"end":{"line":77,"column":1}},"line":68},"4":{"name":"evaluate","decl":{"start":{"line":87,"column":9},"end":{"line":87,"column":17}},"loc":{"start":{"line":87,"column":25},"end":{"line":112,"column":1}},"line":87}},"branchMap":{"0":{"loc":{"start":{"line":94,"column":0},"end":{"line":109,"column":50}},"type":"if","locations":[{"start":{"line":94,"column":0},"end":{"line":109,"column":50}},{"start":{"line":97,"column":8},"end":{"line":109,"column":50}}],"line":94},"1":{"loc":{"start":{"line":94,"column":4},"end":{"line":94,"column":25}},"type":"binary-expr","locations":[{"start":{"line":94,"column":4},"end":{"line":94,"column":12}},{"start":{"line":94,"column":16},"end":{"line":94,"column":25}}],"line":94},"2":{"loc":{"start":{"line":97,"column":8},"end":{"line":109,"column":50}},"type":"if","locations":[{"start":{"line":97,"column":8},"end":{"line":109,"column":50}},{"start":{"line":100,"column":8},"end":{"line":109,"column":50}}],"line":97},"3":{"loc":{"start":{"line":97,"column":11},"end":{"line":97,"column":32}},"type":"binary-expr","locations":[{"start":{"line":97,"column":11},"end":{"line":97,"column":20}},{"start":{"line":97,"column":24},"end":{"line":97,"column":32}}],"line":97},"4":{"loc":{"start":{"line":100,"column":8},"end":{"line":109,"column":50}},"type":"if","locations":[{"start":{"line":100,"column":8},"end":{"line":109,"column":50}},{"start":{"line":103,"column":8},"end":{"line":109,"column":50}}],"line":100},"5":{"loc":{"start":{"line":100,"column":12},"end":{"line":100,"column":33}},"type":"binary-expr","locations":[{"start":{"line":100,"column":12},"end":{"line":100,"column":21}},{"start":{"line":100,"column":25},"end":{"line":100,"column":33}}],"line":100},"6":{"loc":{"start":{"line":103,"column":8},"end":{"line":109,"column":50}},"type":"if","locations":[{"start":{"line":103,"column":8},"end":{"line":109,"column":50}},{"start":{"line":106,"column":8},"end":{"line":109,"column":50}}],"line":103},"7":{"loc":{"start":{"line":103,"column":12},"end":{"line":103,"column":33}},"type":"binary-expr","locations":[{"start":{"line":103,"column":12},"end":{"line":103,"column":21}},{"start":{"line":103,"column":25},"end":{"line":103,"column":33}}],"line":103},"8":{"loc":{"start":{"line":106,"column":8},"end":{"line":109,"column":50}},"type":"if","locations":[{"start":{"line":106,"column":8},"end":{"line":109,"column":50}},{"start":{"line":109,"column":8},"end":{"line":109,"column":50}}],"line":106},"9":{"loc":{"start":{"line":106,"column":12},"end":{"line":106,"column":33}},"type":"binary-expr","locations":[{"start":{"line":106,"column":12},"end":{"line":106,"column":21}},{"start":{"line":106,"column":25},"end":{"line":106,"column":33}}],"line":106},"10":{"loc":{"start":{"line":109,"column":8},"end":{"line":109,"column":50}},"type":"if","locations":[{"start":{"line":109,"column":8},"end":{"line":109,"column":50}},{"start":{},"end":{}}],"line":109},"11":{"loc":{"start":{"line":109,"column":12},"end":{"line":109,"column":39}},"type":"binary-expr","locations":[{"start":{"line":109,"column":12},"end":{"line":109,"column":23}},{"start":{"line":109,"column":27},"end":{"line":109,"column":39}}],"line":109}},"s":{"0":1,"1":1,"2":1,"3":1,"4":4,"5":4,"6":1,"7":1,"8":1,"9":1,"10":1,"11":9,"12":9,"13":1,"14":8,"15":1,"16":7,"17":2,"18":5,"19":1,"20":4,"21":1,"22":3,"23":3,"24":9,"25":1},"f":{"0":1,"1":4,"2":1,"3":1,"4":9},"b":{"0":[1,8],"1":[9,1],"2":[1,7],"3":[8,8],"4":[2,5],"5":[7,7],"6":[1,4],"7":[5,5],"8":[1,3],"9":[4,4],"10":[3,0],"11":[3,3]},"_coverageSchema":"1a1c01bbd47fc00a2c39e90264f33305004495a9","hash":"ef11ee49057e201ba62c8384aecf94ae96db2ad5"}
}
