TN:
SF:Student CRUD.js
FN:12,getStudentData
FN:36,numberInvert
FN:50,justAddText
FN:68,avarage
FN:87,evaluate
FNF:5
FNH:5
FNDA:1,getStudentData
FNDA:4,numberInvert
FNDA:1,justAddText
FNDA:1,avarage
FNDA:9,evaluate
DA:5,1
DA:15,1
DA:18,1
DA:23,1
DA:38,4
DA:39,4
DA:53,1
DA:55,1
DA:71,1
DA:74,1
DA:76,1
DA:89,9
DA:94,9
DA:97,8
DA:100,7
DA:103,5
DA:106,4
DA:109,3
DA:111,9
DA:117,1
LF:20
LH:20
BRDA:94,0,0,1
BRDA:94,0,1,8
BRDA:94,1,0,9
BRDA:94,1,1,1
BRDA:97,2,0,1
BRDA:97,2,1,7
BRDA:97,3,0,8
BRDA:97,3,1,8
BRDA:100,4,0,2
BRDA:100,4,1,5
BRDA:100,5,0,7
BRDA:100,5,1,7
BRDA:103,6,0,1
BRDA:103,6,1,4
BRDA:103,7,0,5
BRDA:103,7,1,5
BRDA:106,8,0,1
BRDA:106,8,1,3
BRDA:106,9,0,4
BRDA:106,9,1,4
BRDA:109,10,0,3
BRDA:109,10,1,0
BRDA:109,11,0,3
BRDA:109,11,1,3
BRF:24
BRH:23
end_of_record
